<?xml version="1.0" encoding="UTF-8"?>
<coverage generated="1693303846483" clover="3.2.0">
  <project timestamp="1693303846484" name="All files">
    <metrics statements="50" coveredstatements="21" conditionals="12" coveredconditionals="3" methods="11" coveredmethods="7" elements="73" coveredelements="31" complexity="0" loc="50" ncloc="50" packages="2" files="2" classes="2"/>
    <package name="src">
      <metrics statements="38" coveredstatements="9" conditionals="6" coveredconditionals="0" methods="5" coveredmethods="1"/>
      <file name="asteroids.js" path="/home/mehdi/Delivery/ubisoft/BehindAsteroids/src/asteroids.js">
        <metrics statements="38" coveredstatements="9" conditionals="6" coveredconditionals="0" methods="5" coveredmethods="1"/>
        <line num="9" count="2" type="stmt"/>
        <line num="10" count="2" type="stmt"/>
        <line num="11" count="2" type="stmt"/>
        <line num="12" count="2" type="stmt"/>
        <line num="13" count="16" type="stmt"/>
        <line num="14" count="16" type="stmt"/>
        <line num="15" count="16" type="stmt"/>
        <line num="20" count="2" type="stmt"/>
        <line num="23" count="1" type="stmt"/>
        <line num="26" count="0" type="stmt"/>
        <line num="27" count="0" type="stmt"/>
        <line num="28" count="0" type="stmt"/>
        <line num="29" count="0" type="stmt"/>
        <line num="42" count="0" type="stmt"/>
        <line num="43" count="0" type="stmt"/>
        <line num="44" count="0" type="stmt"/>
        <line num="45" count="0" type="cond" truecount="0" falsecount="2"/>
        <line num="46" count="0" type="stmt"/>
        <line num="47" count="0" type="stmt"/>
        <line num="48" count="0" type="stmt"/>
        <line num="49" count="0" type="stmt"/>
        <line num="62" count="0" type="stmt"/>
        <line num="63" count="0" type="cond" truecount="0" falsecount="2"/>
        <line num="64" count="0" type="stmt"/>
        <line num="65" count="0" type="stmt"/>
        <line num="66" count="0" type="stmt"/>
        <line num="67" count="0" type="stmt"/>
        <line num="68" count="0" type="cond" truecount="0" falsecount="2"/>
        <line num="69" count="0" type="stmt"/>
        <line num="70" count="0" type="stmt"/>
        <line num="71" count="0" type="stmt"/>
        <line num="72" count="0" type="stmt"/>
        <line num="73" count="0" type="stmt"/>
        <line num="76" count="0" type="stmt"/>
        <line num="100" count="0" type="stmt"/>
        <line num="101" count="0" type="stmt"/>
        <line num="102" count="0" type="stmt"/>
        <line num="103" count="0" type="stmt"/>
      </file>
    </package>
    <package name="src.lib">
      <metrics statements="12" coveredstatements="12" conditionals="6" coveredconditionals="3" methods="6" coveredmethods="6"/>
      <file name="math.js" path="/home/mehdi/Delivery/ubisoft/BehindAsteroids/src/lib/math.js">
        <metrics statements="12" coveredstatements="12" conditionals="6" coveredconditionals="3" methods="6" coveredmethods="6"/>
        <line num="4" count="1" type="cond" truecount="1" falsecount="1"/>
        <line num="10" count="1" type="stmt"/>
        <line num="11" count="1" type="stmt"/>
        <line num="15" count="1" type="cond" truecount="1" falsecount="1"/>
        <line num="20" count="2" type="stmt"/>
        <line num="21" count="2" type="stmt"/>
        <line num="22" count="2" type="stmt"/>
        <line num="26" count="1" type="stmt"/>
        <line num="30" count="2" type="stmt"/>
        <line num="31" count="2" type="stmt"/>
        <line num="32" count="2" type="stmt"/>
        <line num="35" count="1" type="stmt"/>
      </file>
    </package>
  </project>
</coverage>
