{"/home/mehdi/Delivery/ubisoft/BehindAsteroids/src/asteroids.js": {"path":"/home/mehdi/Delivery/ubisoft/BehindAsteroids/src/asteroids.js","statementMap":{"0":{"start":{"line":9,"column":10},"end":{"line":9,"column":21}},"1":{"start":{"line":10,"column":13},"end":{"line":10,"column":21}},"2":{"start":{"line":11,"column":12},"end":{"line":11,"column":14}},"3":{"start":{"line":12,"column":2},"end":{"line":19,"column":3}},"4":{"start":{"line":12,"column":15},"end":{"line":12,"column":16}},"5":{"start":{"line":13,"column":12},"end":{"line":13,"column":44}},"6":{"start":{"line":14,"column":12},"end":{"line":14,"column":31}},"7":{"start":{"line":15,"column":4},"end":{"line":18,"column":7}},"8":{"start":{"line":20,"column":2},"end":{"line":20,"column":13}},"9":{"start":{"line":23,"column":0},"end":{"line":23,"column":37}},"10":{"start":{"line":26,"column":2},"end":{"line":26,"column":17}},"11":{"start":{"line":27,"column":2},"end":{"line":37,"column":3}},"12":{"start":{"line":27,"column":13},"end":{"line":27,"column":14}},"13":{"start":{"line":28,"column":14},"end":{"line":28,"column":49}},"14":{"start":{"line":29,"column":4},"end":{"line":36,"column":6}},"15":{"start":{"line":42,"column":14},"end":{"line":42,"column":26}},"16":{"start":{"line":43,"column":2},"end":{"line":43,"column":25}},"17":{"start":{"line":44,"column":12},"end":{"line":44,"column":20}},"18":{"start":{"line":45,"column":2},"end":{"line":58,"column":3}},"19":{"start":{"line":46,"column":13},"end":{"line":46,"column":44}},"20":{"start":{"line":47,"column":4},"end":{"line":57,"column":5}},"21":{"start":{"line":47,"column":15},"end":{"line":47,"column":16}},"22":{"start":{"line":48,"column":14},"end":{"line":48,"column":50}},"23":{"start":{"line":49,"column":6},"end":{"line":56,"column":9}},"24":{"start":{"line":62,"column":2},"end":{"line":62,"column":29}},"25":{"start":{"line":63,"column":2},"end":{"line":77,"column":3}},"26":{"start":{"line":64,"column":12},"end":{"line":64,"column":26}},"27":{"start":{"line":65,"column":14},"end":{"line":65,"column":28}},"28":{"start":{"line":66,"column":12},"end":{"line":66,"column":42}},"29":{"start":{"line":67,"column":12},"end":{"line":67,"column":42}},"30":{"start":{"line":68,"column":14},"end":{"line":68,"column":45}},"31":{"start":{"line":69,"column":14},"end":{"line":69,"column":18}},"32":{"start":{"line":70,"column":16},"end":{"line":70,"column":20}},"33":{"start":{"line":71,"column":4},"end":{"line":71,"column":51}},"34":{"start":{"line":72,"column":4},"end":{"line":72,"column":16}},"35":{"start":{"line":73,"column":4},"end":{"line":73,"column":13}},"36":{"start":{"line":76,"column":4},"end":{"line":76,"column":20}},"37":{"start":{"line":100,"column":2},"end":{"line":100,"column":24}},"38":{"start":{"line":101,"column":2},"end":{"line":101,"column":27}},"39":{"start":{"line":102,"column":2},"end":{"line":102,"column":13}},"40":{"start":{"line":103,"column":2},"end":{"line":103,"column":15}}},"fnMap":{"0":{"name":"randomAsteroidShape","decl":{"start":{"line":8,"column":9},"end":{"line":8,"column":28}},"loc":{"start":{"line":8,"column":35},"end":{"line":21,"column":1}},"line":8},"1":{"name":"randomAsteroids","decl":{"start":{"line":25,"column":9},"end":{"line":25,"column":24}},"loc":{"start":{"line":25,"column":28},"end":{"line":38,"column":1}},"line":25},"2":{"name":"explodeAsteroid","decl":{"start":{"line":41,"column":9},"end":{"line":41,"column":24}},"loc":{"start":{"line":41,"column":29},"end":{"line":59,"column":1}},"line":41},"3":{"name":"sendAsteroid","decl":{"start":{"line":61,"column":9},"end":{"line":61,"column":21}},"loc":{"start":{"line":61,"column":26},"end":{"line":78,"column":1}},"line":61},"4":{"name":"drawAsteroid","decl":{"start":{"line":99,"column":9},"end":{"line":99,"column":21}},"loc":{"start":{"line":99,"column":26},"end":{"line":104,"column":1}},"line":99}},"branchMap":{"0":{"loc":{"start":{"line":45,"column":2},"end":{"line":58,"column":3}},"type":"if","locations":[{"start":{"line":45,"column":2},"end":{"line":58,"column":3}},{"start":{},"end":{}}],"line":45},"1":{"loc":{"start":{"line":63,"column":2},"end":{"line":77,"column":3}},"type":"if","locations":[{"start":{"line":63,"column":2},"end":{"line":77,"column":3}},{"start":{"line":75,"column":7},"end":{"line":77,"column":3}}],"line":63},"2":{"loc":{"start":{"line":68,"column":15},"end":{"line":68,"column":37}},"type":"cond-expr","locations":[{"start":{"line":68,"column":24},"end":{"line":68,"column":29}},{"start":{"line":68,"column":32},"end":{"line":68,"column":37}}],"line":68}},"s":{"0":2,"1":2,"2":2,"3":2,"4":2,"5":16,"6":16,"7":16,"8":2,"9":1,"10":0,"11":0,"12":0,"13":0,"14":0,"15":0,"16":0,"17":0,"18":0,"19":0,"20":0,"21":0,"22":0,"23":0,"24":0,"25":0,"26":0,"27":0,"28":0,"29":0,"30":0,"31":0,"32":0,"33":0,"34":0,"35":0,"36":0,"37":0,"38":0,"39":0,"40":0},"f":{"0":2,"1":0,"2":0,"3":0,"4":0},"b":{"0":[0,0],"1":[0,0],"2":[0,0]},"_coverageSchema":"1a1c01bbd47fc00a2c39e90264f33305004495a9","hash":"7ba77684f4cf79b46886fa89968bb8f95d550601"}
,"/home/mehdi/Delivery/ubisoft/BehindAsteroids/src/lib/math.js": {"path":"/home/mehdi/Delivery/ubisoft/BehindAsteroids/src/lib/math.js","statementMap":{"0":{"start":{"line":4,"column":2},"end":{"line":5,"column":32}},"1":{"start":{"line":10,"column":10},"end":{"line":10,"column":57}},"2":{"start":{"line":11,"column":2},"end":{"line":11,"column":23}},"3":{"start":{"line":15,"column":2},"end":{"line":15,"column":25}},"4":{"start":{"line":20,"column":10},"end":{"line":20,"column":19}},"5":{"start":{"line":21,"column":10},"end":{"line":21,"column":19}},"6":{"start":{"line":22,"column":2},"end":{"line":22,"column":34}},"7":{"start":{"line":26,"column":2},"end":{"line":26,"column":40}},"8":{"start":{"line":30,"column":10},"end":{"line":30,"column":21}},"9":{"start":{"line":31,"column":10},"end":{"line":31,"column":21}},"10":{"start":{"line":32,"column":2},"end":{"line":32,"column":23}},"11":{"start":{"line":35,"column":0},"end":{"line":35,"column":81}}},"fnMap":{"0":{"name":"normAngle","decl":{"start":{"line":3,"column":9},"end":{"line":3,"column":18}},"loc":{"start":{"line":3,"column":23},"end":{"line":6,"column":1}},"line":3},"1":{"name":"smoothstep","decl":{"start":{"line":9,"column":9},"end":{"line":9,"column":19}},"loc":{"start":{"line":9,"column":38},"end":{"line":12,"column":1}},"line":9},"2":{"name":"scoreTxt","decl":{"start":{"line":14,"column":9},"end":{"line":14,"column":17}},"loc":{"start":{"line":14,"column":22},"end":{"line":16,"column":1}},"line":14},"3":{"name":"dist","decl":{"start":{"line":19,"column":9},"end":{"line":19,"column":13}},"loc":{"start":{"line":19,"column":21},"end":{"line":23,"column":1}},"line":19},"4":{"name":"length","decl":{"start":{"line":25,"column":9},"end":{"line":25,"column":15}},"loc":{"start":{"line":25,"column":20},"end":{"line":27,"column":1}},"line":25},"5":{"name":"circleCollides","decl":{"start":{"line":29,"column":9},"end":{"line":29,"column":23}},"loc":{"start":{"line":29,"column":34},"end":{"line":33,"column":1}},"line":29}},"branchMap":{"0":{"loc":{"start":{"line":4,"column":9},"end":{"line":5,"column":31}},"type":"cond-expr","locations":[{"start":{"line":4,"column":24},"end":{"line":4,"column":37}},{"start":{"line":5,"column":2},"end":{"line":5,"column":31}}],"line":4},"1":{"loc":{"start":{"line":5,"column":2},"end":{"line":5,"column":31}},"type":"cond-expr","locations":[{"start":{"line":5,"column":14},"end":{"line":5,"column":27}},{"start":{"line":5,"column":30},"end":{"line":5,"column":31}}],"line":5},"2":{"loc":{"start":{"line":15,"column":10},"end":{"line":15,"column":21}},"type":"cond-expr","locations":[{"start":{"line":15,"column":15},"end":{"line":15,"column":18}},{"start":{"line":15,"column":19},"end":{"line":15,"column":21}}],"line":15}},"s":{"0":1,"1":1,"2":1,"3":1,"4":2,"5":2,"6":2,"7":1,"8":2,"9":2,"10":2,"11":1},"f":{"0":1,"1":1,"2":1,"3":2,"4":1,"5":2},"b":{"0":[0,1],"1":[0,1],"2":[1,0]},"_coverageSchema":"1a1c01bbd47fc00a2c39e90264f33305004495a9","hash":"0520039974ba2616f84a14d0902e5cdcad0cc36f"}
}
