TN:
SF:src/asteroids.js
FN:8,randomAsteroidShape
FN:25,randomAsteroids
FN:41,explodeAsteroid
FN:61,sendAsteroid
FN:99,drawAsteroid
FNF:5
FNH:1
FNDA:2,randomAsteroidShape
FNDA:0,randomAsteroids
FNDA:0,explodeAsteroid
FNDA:0,sendAsteroid
FNDA:0,drawAsteroid
DA:9,2
DA:10,2
DA:11,2
DA:12,2
DA:13,16
DA:14,16
DA:15,16
DA:20,2
DA:23,1
DA:26,0
DA:27,0
DA:28,0
DA:29,0
DA:42,0
DA:43,0
DA:44,0
DA:45,0
DA:46,0
DA:47,0
DA:48,0
DA:49,0
DA:62,0
DA:63,0
DA:64,0
DA:65,0
DA:66,0
DA:67,0
DA:68,0
DA:69,0
DA:70,0
DA:71,0
DA:72,0
DA:73,0
DA:76,0
DA:100,0
DA:101,0
DA:102,0
DA:103,0
LF:38
LH:9
BRDA:45,0,0,0
BRDA:45,0,1,0
BRDA:63,1,0,0
BRDA:63,1,1,0
BRDA:68,2,0,0
BRDA:68,2,1,0
BRF:6
BRH:0
end_of_record
TN:
SF:src/lib/math.js
FN:3,normAngle
FN:9,smoothstep
FN:14,scoreTxt
FN:19,dist
FN:25,length
FN:29,circleCollides
FNF:6
FNH:6
FNDA:1,normAngle
FNDA:1,smoothstep
FNDA:1,scoreTxt
FNDA:2,dist
FNDA:1,length
FNDA:2,circleCollides
DA:4,1
DA:10,1
DA:11,1
DA:15,1
DA:20,2
DA:21,2
DA:22,2
DA:26,1
DA:30,2
DA:31,2
DA:32,2
DA:35,1
LF:12
LH:12
BRDA:4,0,0,0
BRDA:4,0,1,1
BRDA:5,1,0,0
BRDA:5,1,1,1
BRDA:15,2,0,1
BRDA:15,2,1,0
BRF:6
BRH:3
end_of_record
